

Version:	3.10
CmdLine:	F:\StudentInfoMan\StudentInfoManager\SIMS.exe --l4j-debug
WOW64:		yes
Working dir:	F:\StudentInfoMan\StudentInfoManager\.
Java min ver:	1.6.0
Java max ver:	1.8.0
64-bit search:	SOFTWARE\JavaSoft\Java Runtime Environment...
Check:		SOFTWARE\JavaSoft\Java Runtime Environment\1.8
Check launcher:	C:\Program Files\Java\jre1.8.0_131\bin\javaw.exe (OK)
Match:		1.8
Check:		SOFTWARE\JavaSoft\Java Runtime Environment\1.8.0_131
Ignore:		1.8.0_131
64-bit search:	SOFTWARE\JavaSoft\Java Development Kit...
Check:		SOFTWARE\JavaSoft\Java Development Kit\1.8
Ignore:		1.8
Check:		SOFTWARE\JavaSoft\Java Development Kit\1.8.0_121
Ignore:		1.8.0_121
64-bit search:	SOFTWARE\JavaSoft\JRE...
64-bit search:	SOFTWARE\JavaSoft\JDK...
Runtime used:	1.8 (64-bit)
Launcher:	C:\Program Files\Java\jre1.8.0_131\bin\javaw.exe
Launcher args:	-jar "F:\StudentInfoMan\StudentInfoManager\SIMS.exe"
Args length:	52/32768 chars
Exit code:	259


Version:	3.10
CmdLine:	F:\StudentInfoMan\StudentInfoManager\SIMS.exe --l4j-debug
WOW64:		yes
Working dir:	F:\StudentInfoMan\StudentInfoManager\.
Java min ver:	1.6.0
Java max ver:	1.8.0
64-bit search:	SOFTWARE\JavaSoft\Java Runtime Environment...
Check:		SOFTWARE\JavaSoft\Java Runtime Environment\1.8
Check launcher:	C:\Program Files\Java\jre1.8.0_131\bin\javaw.exe (OK)
Match:		1.8
Check:		SOFTWARE\JavaSoft\Java Runtime Environment\1.8.0_131
Ignore:		1.8.0_131
64-bit search:	SOFTWARE\JavaSoft\Java Development Kit...
Check:		SOFTWARE\JavaSoft\Java Development Kit\1.8
Ignore:		1.8
Check:		SOFTWARE\JavaSoft\Java Development Kit\1.8.0_121
Ignore:		1.8.0_121
64-bit search:	SOFTWARE\JavaSoft\JRE...
64-bit search:	SOFTWARE\JavaSoft\JDK...
Runtime used:	1.8 (64-bit)
Main class:	infoManager.MainClass
Add classpath:	lib\jxl.jar
Add classpath:	lib\swing-layout-1.0.4.jar
Add classpath:	infoManager.MainClass
Launcher:	C:\Program Files\Java\jre1.8.0_131\bin\javaw.exe
Launcher args:	-classpath "F:\StudentInfoMan\StudentInfoManager\SIMS.exe;lib\jxl.jar;lib\swing-layout-1.0.4.jar;infoManager.MainClass" infoManager.MainClass
Args length:	141/32768 chars
Exit code:	259


Version:	3.10
CmdLine:	F:\StudentInfoMan\StudentInfoManager\SIMS.exe --l4j-debug
WOW64:		yes
Working dir:	F:\StudentInfoMan\StudentInfoManager\.
Java min ver:	1.6.0
Java max ver:	1.8.0
64-bit search:	SOFTWARE\JavaSoft\Java Runtime Environment...
Check:		SOFTWARE\JavaSoft\Java Runtime Environment\1.8
Check launcher:	C:\Program Files\Java\jre1.8.0_131\bin\javaw.exe (OK)
Match:		1.8
Check:		SOFTWARE\JavaSoft\Java Runtime Environment\1.8.0_131
Ignore:		1.8.0_131
64-bit search:	SOFTWARE\JavaSoft\Java Development Kit...
Check:		SOFTWARE\JavaSoft\Java Development Kit\1.8
Ignore:		1.8
Check:		SOFTWARE\JavaSoft\Java Development Kit\1.8.0_121
Ignore:		1.8.0_121
64-bit search:	SOFTWARE\JavaSoft\JRE...
64-bit search:	SOFTWARE\JavaSoft\JDK...
Runtime used:	1.8 (64-bit)
Main class:	infoManager.MainClass
Add classpath:	lib\jxl.jar
Add classpath:	lib\swing-layout-1.0.4.jar
Add classpath:	infoManager.MainClass
Launcher:	C:\Program Files\Java\jre1.8.0_131\bin\javaw.exe
Launcher args:	-classpath "F:\StudentInfoMan\StudentInfoManager\SIMS.exe;lib\jxl.jar;lib\swing-layout-1.0.4.jar;infoManager.MainClass" infoManager.MainClass
Args length:	141/32768 chars
Exit code:	259
